\BOOKMARK [1][-]{section.1}{\376\377\000S\000y\000s\000t\000e\000m\000\040\000O\000v\000e\000r\000v\000i\000e\000w}{}% 1
\BOOKMARK [2][-]{subsection.1.1}{\376\377\000H\000a\000r\000d\000w\000a\000r\000e\000\040\000P\000l\000a\000t\000f\000o\000r\000m}{section.1}% 2
\BOOKMARK [2][-]{subsection.1.2}{\376\377\000C\000o\000r\000e\000\040\000C\000o\000n\000c\000e\000p\000t}{section.1}% 3
\BOOKMARK [2][-]{subsection.1.3}{\376\377\000P\000a\000g\000e\000\040\000S\000y\000s\000t\000e\000m}{section.1}% 4
\BOOKMARK [1][-]{section.2}{\376\377\000P\000a\000r\000a\000m\000e\000t\000e\000r\000\040\000R\000e\000f\000e\000r\000e\000n\000c\000e}{}% 5
\BOOKMARK [2][-]{subsection.2.1}{\376\377\000S\000m\000o\000o\000t\000h\000i\000n\000g\000\040\000F\000i\000l\000t\000e\000r}{section.2}% 6
\BOOKMARK [1][-]{section.3}{\376\377\000P\000a\000g\000e\000\040\0000\000:\000\040\000P\000e\000r\000f\000o\000r\000m\000a\000n\000c\000e\000\040\040\023\000\040\000D\000i\000r\000e\000c\000t\000\040\000C\000o\000n\000t\000r\000o\000l}{}% 7
\BOOKMARK [2][-]{subsection.3.1}{\376\377\000P\000a\000r\000a\000m\000e\000t\000e\000r\000\040\0000\000:\000\040\000M\000O\000T\000I\000O\000N}{section.3}% 8
\BOOKMARK [3][-]{subsubsection.3.1.1}{\376\377\000P\000u\000r\000p\000o\000s\000e}{subsection.3.1}% 9
\BOOKMARK [3][-]{subsubsection.3.1.2}{\376\377\000M\000a\000t\000h\000e\000m\000a\000t\000i\000c\000a\000l\000\040\000F\000o\000r\000m\000u\000l\000a\000t\000i\000o\000n}{subsection.3.1}% 10
\BOOKMARK [3][-]{subsubsection.3.1.3}{\376\377\000M\000u\000s\000i\000c\000a\000l\000\040\000E\000f\000f\000e\000c\000t}{subsection.3.1}% 11
\BOOKMARK [2][-]{subsection.3.2}{\376\377\000P\000a\000r\000a\000m\000e\000t\000e\000r\000\040\0001\000:\000\040\000M\000E\000M\000O\000R\000Y}{section.3}% 12
\BOOKMARK [3][-]{subsubsection.3.2.1}{\376\377\000P\000u\000r\000p\000o\000s\000e}{subsection.3.2}% 13
\BOOKMARK [3][-]{subsubsection.3.2.2}{\376\377\000M\000a\000t\000h\000e\000m\000a\000t\000i\000c\000a\000l\000\040\000F\000o\000r\000m\000u\000l\000a\000t\000i\000o\000n}{subsection.3.2}% 14
\BOOKMARK [3][-]{subsubsection.3.2.3}{\376\377\000M\000u\000s\000i\000c\000a\000l\000\040\000E\000f\000f\000e\000c\000t}{subsection.3.2}% 15
\BOOKMARK [2][-]{subsection.3.3}{\376\377\000P\000a\000r\000a\000m\000e\000t\000e\000r\000\040\0002\000:\000\040\000R\000E\000G\000I\000S\000T\000E\000R}{section.3}% 16
\BOOKMARK [3][-]{subsubsection.3.3.1}{\376\377\000P\000u\000r\000p\000o\000s\000e}{subsection.3.3}% 17
\BOOKMARK [3][-]{subsubsection.3.3.2}{\376\377\000M\000a\000t\000h\000e\000m\000a\000t\000i\000c\000a\000l\000\040\000F\000o\000r\000m\000u\000l\000a\000t\000i\000o\000n}{subsection.3.3}% 18
\BOOKMARK [3][-]{subsubsection.3.3.3}{\376\377\000M\000u\000s\000i\000c\000a\000l\000\040\000E\000f\000f\000e\000c\000t}{subsection.3.3}% 19
\BOOKMARK [2][-]{subsection.3.4}{\376\377\000P\000a\000r\000a\000m\000e\000t\000e\000r\000\040\0003\000:\000\040\000D\000I\000R\000E\000C\000T\000I\000O\000N}{section.3}% 20
\BOOKMARK [3][-]{subsubsection.3.4.1}{\376\377\000P\000u\000r\000p\000o\000s\000e}{subsection.3.4}% 21
\BOOKMARK [3][-]{subsubsection.3.4.2}{\376\377\000M\000a\000t\000h\000e\000m\000a\000t\000i\000c\000a\000l\000\040\000F\000o\000r\000m\000u\000l\000a\000t\000i\000o\000n}{subsection.3.4}% 22
\BOOKMARK [3][-]{subsubsection.3.4.3}{\376\377\000M\000u\000s\000i\000c\000a\000l\000\040\000E\000f\000f\000e\000c\000t}{subsection.3.4}% 23
\BOOKMARK [1][-]{section.4}{\376\377\000P\000a\000g\000e\000\040\0001\000:\000\040\000P\000e\000r\000f\000o\000r\000m\000a\000n\000c\000e\000\040\040\023\000\040\000M\000a\000c\000r\000o\000\040\000\046\000\040\000E\000v\000o\000l\000u\000t\000i\000o\000n}{}% 24
\BOOKMARK [2][-]{subsection.4.1}{\376\377\000P\000a\000r\000a\000m\000e\000t\000e\000r\000\040\0004\000:\000\040\000P\000H\000R\000A\000S\000E}{section.4}% 25
\BOOKMARK [3][-]{subsubsection.4.1.1}{\376\377\000P\000u\000r\000p\000o\000s\000e}{subsection.4.1}% 26
\BOOKMARK [3][-]{subsubsection.4.1.2}{\376\377\000M\000a\000t\000h\000e\000m\000a\000t\000i\000c\000a\000l\000\040\000F\000o\000r\000m\000u\000l\000a\000t\000i\000o\000n}{subsection.4.1}% 27
\BOOKMARK [3][-]{subsubsection.4.1.3}{\376\377\000M\000u\000s\000i\000c\000a\000l\000\040\000E\000f\000f\000e\000c\000t}{subsection.4.1}% 28
\BOOKMARK [2][-]{subsection.4.2}{\376\377\000P\000a\000r\000a\000m\000e\000t\000e\000r\000\040\0005\000:\000\040\000E\000N\000E\000R\000G\000Y}{section.4}% 29
\BOOKMARK [3][-]{subsubsection.4.2.1}{\376\377\000P\000u\000r\000p\000o\000s\000e}{subsection.4.2}% 30
\BOOKMARK [3][-]{subsubsection.4.2.2}{\376\377\000M\000a\000t\000h\000e\000m\000a\000t\000i\000c\000a\000l\000\040\000F\000o\000r\000m\000u\000l\000a\000t\000i\000o\000n}{subsection.4.2}% 31
\BOOKMARK [3][-]{subsubsection.4.2.3}{\376\377\000M\000u\000s\000i\000c\000a\000l\000\040\000E\000f\000f\000e\000c\000t}{subsection.4.2}% 32
\BOOKMARK [2][-]{subsection.4.3}{\376\377\000P\000a\000r\000a\000m\000e\000t\000e\000r\000\040\0006\000:\000\040\000S\000T\000A\000B\000I\000L\000I\000T\000Y}{section.4}% 33
\BOOKMARK [3][-]{subsubsection.4.3.1}{\376\377\000P\000u\000r\000p\000o\000s\000e}{subsection.4.3}% 34
\BOOKMARK [3][-]{subsubsection.4.3.2}{\376\377\000M\000a\000t\000h\000e\000m\000a\000t\000i\000c\000a\000l\000\040\000F\000o\000r\000m\000u\000l\000a\000t\000i\000o\000n}{subsection.4.3}% 35
\BOOKMARK [3][-]{subsubsection.4.3.3}{\376\377\000M\000u\000s\000i\000c\000a\000l\000\040\000E\000f\000f\000e\000c\000t}{subsection.4.3}% 36
\BOOKMARK [2][-]{subsection.4.4}{\376\377\000P\000a\000r\000a\000m\000e\000t\000e\000r\000\040\0007\000:\000\040\000F\000O\000R\000G\000E\000T\000F\000U\000L\000N\000E\000S\000S}{section.4}% 37
\BOOKMARK [3][-]{subsubsection.4.4.1}{\376\377\000P\000u\000r\000p\000o\000s\000e}{subsection.4.4}% 38
\BOOKMARK [3][-]{subsubsection.4.4.2}{\376\377\000M\000a\000t\000h\000e\000m\000a\000t\000i\000c\000a\000l\000\040\000F\000o\000r\000m\000u\000l\000a\000t\000i\000o\000n}{subsection.4.4}% 39
\BOOKMARK [3][-]{subsubsection.4.4.3}{\376\377\000M\000u\000s\000i\000c\000a\000l\000\040\000E\000f\000f\000e\000c\000t}{subsection.4.4}% 40
\BOOKMARK [1][-]{section.5}{\376\377\000P\000a\000g\000e\000\040\0002\000:\000\040\000S\000t\000r\000u\000c\000t\000u\000r\000a\000l\000\040\040\023\000\040\000S\000h\000a\000p\000e\000\040\000\046\000\040\000G\000r\000a\000v\000i\000t\000y}{}% 41
\BOOKMARK [2][-]{subsection.5.1}{\376\377\000P\000a\000r\000a\000m\000e\000t\000e\000r\000\040\0008\000:\000\040\000L\000E\000A\000P\000\040\000S\000H\000A\000P\000E}{section.5}% 42
\BOOKMARK [3][-]{subsubsection.5.1.1}{\376\377\000P\000u\000r\000p\000o\000s\000e}{subsection.5.1}% 43
\BOOKMARK [3][-]{subsubsection.5.1.2}{\376\377\000M\000a\000t\000h\000e\000m\000a\000t\000i\000c\000a\000l\000\040\000F\000o\000r\000m\000u\000l\000a\000t\000i\000o\000n}{subsection.5.1}% 44
\BOOKMARK [3][-]{subsubsection.5.1.3}{\376\377\000M\000u\000s\000i\000c\000a\000l\000\040\000E\000f\000f\000e\000c\000t}{subsection.5.1}% 45
\BOOKMARK [2][-]{subsection.5.2}{\376\377\000P\000a\000r\000a\000m\000e\000t\000e\000r\000\040\0009\000:\000\040\000D\000I\000R\000E\000C\000T\000I\000O\000N\000\040\000M\000E\000M\000O\000R\000Y}{section.5}% 46
\BOOKMARK [3][-]{subsubsection.5.2.1}{\376\377\000P\000u\000r\000p\000o\000s\000e}{subsection.5.2}% 47
\BOOKMARK [3][-]{subsubsection.5.2.2}{\376\377\000M\000a\000t\000h\000e\000m\000a\000t\000i\000c\000a\000l\000\040\000F\000o\000r\000m\000u\000l\000a\000t\000i\000o\000n}{subsection.5.2}% 48
\BOOKMARK [3][-]{subsubsection.5.2.3}{\376\377\000M\000u\000s\000i\000c\000a\000l\000\040\000E\000f\000f\000e\000c\000t}{subsection.5.2}% 49
\BOOKMARK [2][-]{subsection.5.3}{\376\377\000P\000a\000r\000a\000m\000e\000t\000e\000r\000\040\0001\0000\000:\000\040\000H\000O\000M\000E\000\040\000R\000E\000G\000I\000S\000T\000E\000R}{section.5}% 50
\BOOKMARK [3][-]{subsubsection.5.3.1}{\376\377\000P\000u\000r\000p\000o\000s\000e}{subsection.5.3}% 51
\BOOKMARK [3][-]{subsubsection.5.3.2}{\376\377\000M\000a\000t\000h\000e\000m\000a\000t\000i\000c\000a\000l\000\040\000F\000o\000r\000m\000u\000l\000a\000t\000i\000o\000n}{subsection.5.3}% 52
\BOOKMARK [3][-]{subsubsection.5.3.3}{\376\377\000M\000u\000s\000i\000c\000a\000l\000\040\000E\000f\000f\000e\000c\000t}{subsection.5.3}% 53
\BOOKMARK [2][-]{subsection.5.4}{\376\377\000P\000a\000r\000a\000m\000e\000t\000e\000r\000\040\0001\0001\000:\000\040\000R\000A\000N\000G\000E\000\040\000W\000I\000D\000T\000H}{section.5}% 54
\BOOKMARK [3][-]{subsubsection.5.4.1}{\376\377\000P\000u\000r\000p\000o\000s\000e}{subsection.5.4}% 55
\BOOKMARK [3][-]{subsubsection.5.4.2}{\376\377\000M\000a\000t\000h\000e\000m\000a\000t\000i\000c\000a\000l\000\040\000F\000o\000r\000m\000u\000l\000a\000t\000i\000o\000n}{subsection.5.4}% 56
\BOOKMARK [3][-]{subsubsection.5.4.3}{\376\377\000M\000u\000s\000i\000c\000a\000l\000\040\000E\000f\000f\000e\000c\000t}{subsection.5.4}% 57
\BOOKMARK [1][-]{section.6}{\376\377\000P\000a\000g\000e\000\040\0003\000:\000\040\000U\000t\000i\000l\000i\000t\000y\000\040\040\023\000\040\000L\000e\000a\000r\000n\000i\000n\000g\000\040\000\046\000\040\000I\000/\000O}{}% 58
\BOOKMARK [2][-]{subsection.6.1}{\376\377\000P\000a\000r\000a\000m\000e\000t\000e\000r\000\040\0001\0002\000:\000\040\000L\000R\000N\000\040\000T\000I\000M\000E\000\040\000\050\000L\000e\000a\000r\000n\000i\000n\000g\000\040\000T\000i\000m\000e\000o\000u\000t\000\051}{section.6}% 59
\BOOKMARK [3][-]{subsubsection.6.1.1}{\376\377\000P\000u\000r\000p\000o\000s\000e}{subsection.6.1}% 60
\BOOKMARK [3][-]{subsubsection.6.1.2}{\376\377\000M\000a\000t\000h\000e\000m\000a\000t\000i\000c\000a\000l\000\040\000F\000o\000r\000m\000u\000l\000a\000t\000i\000o\000n}{subsection.6.1}% 61
\BOOKMARK [3][-]{subsubsection.6.1.3}{\376\377\000M\000u\000s\000i\000c\000a\000l\000\040\000E\000f\000f\000e\000c\000t}{subsection.6.1}% 62
\BOOKMARK [2][-]{subsection.6.2}{\376\377\000P\000a\000r\000a\000m\000e\000t\000e\000r\000\040\0001\0003\000:\000\040\000E\000C\000H\000O\000\040\000\050\000M\000I\000D\000I\000\040\000N\000o\000t\000e\000\040\000E\000c\000h\000o\000\051}{section.6}% 63
\BOOKMARK [3][-]{subsubsection.6.2.1}{\376\377\000P\000u\000r\000p\000o\000s\000e}{subsection.6.2}% 64
\BOOKMARK [3][-]{subsubsection.6.2.2}{\376\377\000M\000a\000t\000h\000e\000m\000a\000t\000i\000c\000a\000l\000\040\000F\000o\000r\000m\000u\000l\000a\000t\000i\000o\000n}{subsection.6.2}% 65
\BOOKMARK [3][-]{subsubsection.6.2.3}{\376\377\000M\000u\000s\000i\000c\000a\000l\000\040\000E\000f\000f\000e\000c\000t}{subsection.6.2}% 66
\BOOKMARK [3][-]{subsubsection.6.2.4}{\376\377\000U\000s\000e\000\040\000C\000a\000s\000e\000s}{subsection.6.2}% 67
\BOOKMARK [2][-]{subsection.6.3}{\376\377\000P\000a\000r\000a\000m\000e\000t\000e\000r\000s\000\040\0001\0004\040\023\0001\0005\000:\000\040\000R\000e\000s\000e\000r\000v\000e\000d}{section.6}% 68
\BOOKMARK [1][-]{section.7}{\376\377\000M\000I\000D\000I\000\040\000C\000o\000n\000t\000r\000o\000l\000\040\000C\000h\000a\000n\000g\000e\000\040\000M\000a\000p\000p\000i\000n\000g}{}% 69
\BOOKMARK [2][-]{subsection.7.1}{\376\377\000M\000I\000D\000I\000\040\000C\000C\000\040\000V\000a\000l\000u\000e\000\040\000M\000a\000p\000p\000i\000n\000g}{section.7}% 70
\BOOKMARK [1][-]{section.8}{\376\377\000G\000e\000n\000e\000r\000a\000t\000i\000v\000e\000\040\000A\000l\000g\000o\000r\000i\000t\000h\000m}{}% 71
\BOOKMARK [2][-]{subsection.8.1}{\376\377\000N\000o\000t\000e\000\040\000G\000e\000n\000e\000r\000a\000t\000i\000o\000n\000\040\000P\000i\000p\000e\000l\000i\000n\000e}{section.8}% 72
\BOOKMARK [2][-]{subsection.8.2}{\376\377\000P\000h\000r\000a\000s\000e\000\040\000T\000r\000a\000c\000k\000i\000n\000g}{section.8}% 73
\BOOKMARK [2][-]{subsection.8.3}{\376\377\000L\000e\000a\000r\000n\000e\000d\000\040\000T\000e\000n\000d\000e\000n\000c\000y\000\040\000E\000x\000t\000r\000a\000c\000t\000i\000o\000n}{section.8}% 74
\BOOKMARK [1][-]{section.9}{\376\377\000I\000n\000p\000u\000t\000/\000O\000u\000t\000p\000u\000t\000\040\000S\000p\000e\000c\000i\000f\000i\000c\000a\000t\000i\000o\000n\000s}{}% 75
\BOOKMARK [2][-]{subsection.9.1}{\376\377\000G\000a\000t\000e\000\040\000I\000n\000p\000u\000t\000s}{section.9}% 76
\BOOKMARK [2][-]{subsection.9.2}{\376\377\000G\000a\000t\000e\000\040\000O\000u\000t\000p\000u\000t}{section.9}% 77
\BOOKMARK [2][-]{subsection.9.3}{\376\377\000M\000I\000D\000I}{section.9}% 78
\BOOKMARK [2][-]{subsection.9.4}{\376\377\000C\000V\000\040\000O\000u\000t\000p\000u\000t}{section.9}% 79
\BOOKMARK [1][-]{section.10}{\376\377\000D\000i\000s\000p\000l\000a\000y\000\040\000I\000n\000t\000e\000r\000f\000a\000c\000e}{}% 80
\BOOKMARK [2][-]{subsection.10.1}{\376\377\000M\000a\000i\000n\000\040\000D\000i\000s\000p\000l\000a\000y\000\040\000L\000a\000y\000o\000u\000t}{section.10}% 81
\BOOKMARK [3][-]{subsubsection.10.1.1}{\376\377\000E\000l\000e\000m\000e\000n\000t\000s}{subsection.10.1}% 82
\BOOKMARK [2][-]{subsection.10.2}{\376\377\000L\000e\000a\000r\000n\000i\000n\000g\000\040\000S\000t\000a\000t\000e\000\040\000I\000n\000d\000i\000c\000a\000t\000o\000r\000s}{section.10}% 83
\BOOKMARK [2][-]{subsection.10.3}{\376\377\000L\000E\000D\000\040\000B\000e\000h\000a\000v\000i\000o\000r}{section.10}% 84
\BOOKMARK [1][-]{section.11}{\376\377\000L\000i\000v\000e\000\040\000P\000e\000r\000f\000o\000r\000m\000a\000n\000c\000e\000\040\000F\000e\000a\000t\000u\000r\000e\000s}{}% 85
\BOOKMARK [2][-]{subsection.11.1}{\376\377\000S\000o\000f\000t\000\040\000T\000a\000k\000e\000o\000v\000e\000r\000\040\000\050\000P\000a\000r\000a\000m\000e\000t\000e\000r\000\040\000P\000i\000c\000k\000u\000p\000\051}{section.11}% 86
\BOOKMARK [2][-]{subsection.11.2}{\376\377\000L\000i\000v\000e\000\040\000P\000h\000r\000a\000s\000e\000\040\000I\000n\000j\000e\000c\000t\000i\000o\000n}{section.11}% 87
\BOOKMARK [1][-]{section.12}{\376\377\000T\000e\000c\000h\000n\000i\000c\000a\000l\000\040\000S\000p\000e\000c\000i\000f\000i\000c\000a\000t\000i\000o\000n\000s}{}% 88
\BOOKMARK [2][-]{subsection.12.1}{\376\377\000M\000e\000m\000o\000r\000y\000\040\000U\000s\000a\000g\000e}{section.12}% 89
\BOOKMARK [2][-]{subsection.12.2}{\376\377\000P\000r\000o\000c\000e\000s\000s\000i\000n\000g\000\040\000P\000e\000r\000f\000o\000r\000m\000a\000n\000c\000e}{section.12}% 90
\BOOKMARK [2][-]{subsection.12.3}{\376\377\000R\000a\000n\000d\000o\000m\000\040\000N\000u\000m\000b\000e\000r\000\040\000G\000e\000n\000e\000r\000a\000t\000i\000o\000n}{section.12}% 91
\BOOKMARK [1][-]{section.13}{\376\377\000F\000u\000t\000u\000r\000e\000\040\000E\000x\000t\000e\000n\000s\000i\000o\000n\000s}{}% 92
\BOOKMARK [2][-]{subsection.13.1}{\376\377\000M\000i\000c\000r\000o\000t\000o\000n\000a\000l\000\040\000S\000u\000p\000p\000o\000r\000t\000\040\000\050\000P\000l\000a\000n\000n\000e\000d\000\051}{section.13}% 93
\BOOKMARK [2][-]{subsection.13.2}{\376\377\000P\000o\000t\000e\000n\000t\000i\000a\000l\000\040\000E\000n\000h\000a\000n\000c\000e\000m\000e\000n\000t\000s}{section.13}% 94
\BOOKMARK [1][-]{section.14}{\376\377\000A\000p\000p\000e\000n\000d\000i\000x\000:\000\040\000Q\000u\000i\000c\000k\000\040\000R\000e\000f\000e\000r\000e\000n\000c\000e}{}% 95
\BOOKMARK [2][-]{subsection.14.1}{\376\377\000D\000e\000f\000a\000u\000l\000t\000\040\000V\000a\000l\000u\000e\000s\000\040\000S\000u\000m\000m\000a\000r\000y}{section.14}% 96
\BOOKMARK [2][-]{subsection.14.2}{\376\377\000E\000n\000c\000o\000d\000e\000r\000\040\000C\000o\000m\000m\000a\000n\000d\000s}{section.14}% 97
\BOOKMARK [2][-]{subsection.14.3}{\376\377\000S\000t\000a\000t\000e\000\040\000M\000a\000c\000h\000i\000n\000e\000\040\000S\000u\000m\000m\000a\000r\000y}{section.14}% 98
\BOOKMARK [1][-]{section.15}{\376\377\000C\000o\000n\000t\000a\000c\000t\000\040\000\046\000\040\000R\000e\000s\000o\000u\000r\000c\000e\000s}{}% 99
